# StreamVersion 1.1
ExposeEvent 0 959 0 0 0 0
RenderEvent 0 959 0 0 0 0
EnterEvent 943 568 0 0 0 0
MouseMoveEvent 943 568 0 0 0 0
MouseMoveEvent 920 568 0 0 0 0
MouseMoveEvent 896 568 0 0 0 0
MouseMoveEvent 869 571 0 0 0 0
MouseMoveEvent 840 575 0 0 0 0
MouseMoveEvent 814 578 0 0 0 0
MouseMoveEvent 788 583 0 0 0 0
MouseMoveEvent 769 584 0 0 0 0
MouseMoveEvent 749 589 0 0 0 0
MouseMoveEvent 732 590 0 0 0 0
MouseMoveEvent 720 592 0 0 0 0
MouseMoveEvent 711 593 0 0 0 0
MouseMoveEvent 707 593 0 0 0 0
MouseMoveEvent 706 593 0 0 0 0
MouseMoveEvent 705 594 0 0 0 0
MouseMoveEvent 704 596 0 0 0 0
MouseMoveEvent 704 600 0 0 0 0
MouseMoveEvent 704 604 0 0 0 0
MouseMoveEvent 704 611 0 0 0 0
MouseMoveEvent 707 617 0 0 0 0
MouseMoveEvent 708 623 0 0 0 0
MouseMoveEvent 709 630 0 0 0 0
MouseMoveEvent 713 636 0 0 0 0
MouseMoveEvent 715 643 0 0 0 0
MouseMoveEvent 720 653 0 0 0 0
MouseMoveEvent 727 660 0 0 0 0
MouseMoveEvent 736 668 0 0 0 0
MouseMoveEvent 743 673 0 0 0 0
MouseMoveEvent 745 675 0 0 0 0
LeftButtonPressEvent 745 675 0 0 0 0
StartInteractionEvent 745 675 0 0 0 0
MouseMoveEvent 748 676 0 0 0 0
RenderEvent 748 676 0 0 0 0
InteractionEvent 748 676 0 0 0 0
MouseMoveEvent 751 676 0 0 0 0
RenderEvent 751 676 0 0 0 0
InteractionEvent 751 676 0 0 0 0
MouseMoveEvent 755 676 0 0 0 0
RenderEvent 755 676 0 0 0 0
InteractionEvent 755 676 0 0 0 0
MouseMoveEvent 765 671 0 0 0 0
RenderEvent 765 671 0 0 0 0
InteractionEvent 765 671 0 0 0 0
MouseMoveEvent 770 661 0 0 0 0
RenderEvent 770 661 0 0 0 0
InteractionEvent 770 661 0 0 0 0
MouseMoveEvent 772 643 0 0 0 0
RenderEvent 772 643 0 0 0 0
InteractionEvent 772 643 0 0 0 0
MouseMoveEvent 772 619 0 0 0 0
RenderEvent 772 619 0 0 0 0
InteractionEvent 772 619 0 0 0 0
MouseMoveEvent 762 592 0 0 0 0
RenderEvent 762 592 0 0 0 0
InteractionEvent 762 592 0 0 0 0
MouseMoveEvent 739 563 0 0 0 0
RenderEvent 739 563 0 0 0 0
InteractionEvent 739 563 0 0 0 0
MouseMoveEvent 707 537 0 0 0 0
RenderEvent 707 537 0 0 0 0
InteractionEvent 707 537 0 0 0 0
MouseMoveEvent 662 515 0 0 0 0
RenderEvent 662 515 0 0 0 0
InteractionEvent 662 515 0 0 0 0
MouseMoveEvent 612 501 0 0 0 0
RenderEvent 612 501 0 0 0 0
InteractionEvent 612 501 0 0 0 0
MouseMoveEvent 562 492 0 0 0 0
RenderEvent 562 492 0 0 0 0
InteractionEvent 562 492 0 0 0 0
MouseMoveEvent 515 490 0 0 0 0
RenderEvent 515 490 0 0 0 0
InteractionEvent 515 490 0 0 0 0
MouseMoveEvent 479 490 0 0 0 0
RenderEvent 479 490 0 0 0 0
InteractionEvent 479 490 0 0 0 0
MouseMoveEvent 442 499 0 0 0 0
RenderEvent 442 499 0 0 0 0
InteractionEvent 442 499 0 0 0 0
MouseMoveEvent 431 511 0 0 0 0
RenderEvent 431 511 0 0 0 0
InteractionEvent 431 511 0 0 0 0
MouseMoveEvent 430 527 0 0 0 0
RenderEvent 430 527 0 0 0 0
InteractionEvent 430 527 0 0 0 0
MouseMoveEvent 430 544 0 0 0 0
RenderEvent 430 544 0 0 0 0
InteractionEvent 430 544 0 0 0 0
MouseMoveEvent 435 561 0 0 0 0
RenderEvent 435 561 0 0 0 0
InteractionEvent 435 561 0 0 0 0
MouseMoveEvent 455 575 0 0 0 0
RenderEvent 455 575 0 0 0 0
InteractionEvent 455 575 0 0 0 0
MouseMoveEvent 486 581 0 0 0 0
RenderEvent 486 581 0 0 0 0
InteractionEvent 486 581 0 0 0 0
MouseMoveEvent 516 583 0 0 0 0
RenderEvent 516 583 0 0 0 0
InteractionEvent 516 583 0 0 0 0
MouseMoveEvent 540 581 0 0 0 0
RenderEvent 540 581 0 0 0 0
InteractionEvent 540 581 0 0 0 0
MouseMoveEvent 565 568 0 0 0 0
RenderEvent 565 568 0 0 0 0
InteractionEvent 565 568 0 0 0 0
MouseMoveEvent 585 550 0 0 0 0
RenderEvent 585 550 0 0 0 0
InteractionEvent 585 550 0 0 0 0
MouseMoveEvent 593 528 0 0 0 0
RenderEvent 593 528 0 0 0 0
InteractionEvent 593 528 0 0 0 0
MouseMoveEvent 595 511 0 0 0 0
RenderEvent 595 511 0 0 0 0
InteractionEvent 595 511 0 0 0 0
MouseMoveEvent 590 501 0 0 0 0
RenderEvent 590 501 0 0 0 0
InteractionEvent 590 501 0 0 0 0
MouseMoveEvent 577 490 0 0 0 0
RenderEvent 577 490 0 0 0 0
InteractionEvent 577 490 0 0 0 0
MouseMoveEvent 558 483 0 0 0 0
RenderEvent 558 483 0 0 0 0
InteractionEvent 558 483 0 0 0 0
MouseMoveEvent 542 479 0 0 0 0
RenderEvent 542 479 0 0 0 0
InteractionEvent 542 479 0 0 0 0
MouseMoveEvent 531 479 0 0 0 0
RenderEvent 531 479 0 0 0 0
InteractionEvent 531 479 0 0 0 0
MouseMoveEvent 521 481 0 0 0 0
RenderEvent 521 481 0 0 0 0
InteractionEvent 521 481 0 0 0 0
MouseMoveEvent 514 487 0 0 0 0
RenderEvent 514 487 0 0 0 0
InteractionEvent 514 487 0 0 0 0
MouseMoveEvent 508 508 0 0 0 0
RenderEvent 508 508 0 0 0 0
InteractionEvent 508 508 0 0 0 0
MouseMoveEvent 508 535 0 0 0 0
RenderEvent 508 535 0 0 0 0
InteractionEvent 508 535 0 0 0 0
MouseMoveEvent 528 562 0 0 0 0
RenderEvent 528 562 0 0 0 0
InteractionEvent 528 562 0 0 0 0
LeftButtonReleaseEvent 514 548 0 0 0 0
EndInteractionEvent 514 548 0 0 0 0
RenderEvent 514 548 0 0 0 0
MouseMoveEvent 557 576 0 0 0 0
MouseMoveEvent 557 576 0 0 0 0
MouseMoveEvent 560 576 0 0 0 0
MouseMoveEvent 564 576 0 0 0 0
MouseMoveEvent 567 576 0 0 0 0
MouseMoveEvent 569 576 0 0 0 0
MouseMoveEvent 572 576 0 0 0 0
MouseMoveEvent 574 576 0 0 0 0
MouseMoveEvent 577 576 0 0 0 0
MouseMoveEvent 578 576 0 0 0 0
MouseMoveEvent 579 576 0 0 0 0
MouseMoveEvent 580 576 0 0 0 0
MouseMoveEvent 581 575 0 0 0 0
MouseMoveEvent 583 573 0 0 0 0
MouseMoveEvent 584 572 0 0 0 0
MouseMoveEvent 585 571 0 0 0 0
MouseMoveEvent 587 571 0 0 0 0
MouseMoveEvent 588 571 0 0 0 0
